<?xml version="1.0" encoding="UTF-8"?>
<!-- Generated by org.testng.reporters.JUnitReportReporter -->
<testsuite hostname="LIN24004557" failures="0" tests="1" name="test.cases.Utest" time="32.754" errors="0" timestamp="2023-12-27T16:37:53 IST" skipped="0">
  <testcase classname="test.cases.Utest" name="appTest" time="32.754"/>
</testsuite> <!-- test.cases.Utest -->
